{
  "stats": {
    "suites": 1,
    "tests": 2,
    "passes": 2,
    "pending": 0,
    "failures": 0,
    "start": "2020-04-27T05:32:52.814Z",
    "end": "2020-04-27T05:32:56.395Z",
    "duration": 3581,
    "testsRegistered": 2,
    "passPercent": 100,
    "pendingPercent": 0,
    "other": 0,
    "hasOther": false,
    "skipped": 0,
    "hasSkipped": false
  },
  "results": [
    {
      "uuid": "659d47dd-56d7-47b3-8648-198f7ee4c34c",
      "title": "",
      "fullFile": "cypress\\integration\\baseTests.js",
      "file": "cypress\\integration\\baseTests.js",
      "beforeHooks": [],
      "afterHooks": [],
      "tests": [],
      "suites": [
        {
          "uuid": "43723223-f4aa-4c98-b302-ec0190d779d3",
          "title": "Validation after open",
          "fullFile": "",
          "file": "",
          "beforeHooks": [],
          "afterHooks": [],
          "tests": [
            {
              "title": "Test 1: Validate visible elements on page",
              "fullTitle": "Validation after open Test 1: Validate visible elements on page",
              "timedOut": null,
              "duration": 1955,
              "state": "passed",
              "speed": "slow",
              "pass": true,
              "fail": false,
              "pending": false,
              "context": null,
              "code": "page.validateElementsIsPresent();",
              "err": {},
              "uuid": "30d6243b-6d32-405d-9e23-b0c79d49cea6",
              "parentUUID": "43723223-f4aa-4c98-b302-ec0190d779d3",
              "isHook": false,
              "skipped": false
            },
            {
              "title": "Test 2: Validate element class on page",
              "fullTitle": "Validation after open Test 2: Validate element class on page",
              "timedOut": null,
              "duration": 1587,
              "state": "passed",
              "speed": "slow",
              "pass": true,
              "fail": false,
              "pending": false,
              "context": null,
              "code": "page.validateElementHaveAttribute();",
              "err": {},
              "uuid": "a479577b-607b-4eee-9cc8-ad4adb67e2ec",
              "parentUUID": "43723223-f4aa-4c98-b302-ec0190d779d3",
              "isHook": false,
              "skipped": false
            }
          ],
          "suites": [],
          "passes": [
            "30d6243b-6d32-405d-9e23-b0c79d49cea6",
            "a479577b-607b-4eee-9cc8-ad4adb67e2ec"
          ],
          "failures": [],
          "pending": [],
          "skipped": [],
          "duration": 3542,
          "root": false,
          "rootEmpty": false,
          "_timeout": 2000
        }
      ],
      "passes": [],
      "failures": [],
      "pending": [],
      "skipped": [],
      "duration": 0,
      "root": true,
      "rootEmpty": true,
      "_timeout": 2000
    }
  ],
  "meta": {
    "mocha": {
      "version": "6.2.3"
    },
    "mochawesome": {
      "options": {
        "quiet": false,
        "reportFilename": "mochawesome",
        "saveHtml": false,
        "saveJson": true,
        "consoleReporter": "spec",
        "useInlineDiffs": false
      },
      "version": "4.1.0"
    },
    "marge": {
      "options": {
        "id": "default",
        "reportDir": "cypress/reports/mocha",
        "quite": true,
        "overwrite": false,
        "html": false,
        "json": true
      },
      "version": "4.1.0"
    }
  }
}